c:\users\fanzx\documents\visual studio 2015\projects\bellring\bellring\x64\release\bellring.pch
c:\users\fanzx\documents\visual studio 2015\projects\bellring\bellring\x64\release\vc140.pdb
c:\users\fanzx\documents\visual studio 2015\projects\bellring\bellring\x64\release\stdafx.obj
c:\users\fanzx\documents\visual studio 2015\projects\bellring\bellring\x64\release\timeoperate.obj
c:\users\fanzx\documents\visual studio 2015\projects\bellring\bellring\x64\release\bellring.obj
c:\users\fanzx\documents\visual studio 2015\projects\bellring\bellring\x64\release\bellringdlg.obj
c:\users\fanzx\documents\visual studio 2015\projects\bellring\x64\release\bellring.exe
c:\users\fanzx\documents\visual studio 2015\projects\bellring\x64\release\bellring.ipdb
c:\users\fanzx\documents\visual studio 2015\projects\bellring\x64\release\bellring.iobj
c:\users\fanzx\documents\visual studio 2015\projects\bellring\x64\release\bellring.pdb
c:\users\fanzx\documents\visual studio 2015\projects\bellring\bellring\x64\release\bellring.res
c:\users\fanzx\documents\visual studio 2015\projects\bellring\bellring\x64\release\bellring.tlog\cl.command.1.tlog
c:\users\fanzx\documents\visual studio 2015\projects\bellring\bellring\x64\release\bellring.tlog\cl.read.1.tlog
c:\users\fanzx\documents\visual studio 2015\projects\bellring\bellring\x64\release\bellring.tlog\cl.write.1.tlog
c:\users\fanzx\documents\visual studio 2015\projects\bellring\bellring\x64\release\bellring.tlog\link.command.1.tlog
c:\users\fanzx\documents\visual studio 2015\projects\bellring\bellring\x64\release\bellring.tlog\link.read.1.tlog
c:\users\fanzx\documents\visual studio 2015\projects\bellring\bellring\x64\release\bellring.tlog\link.write.1.tlog
c:\users\fanzx\documents\visual studio 2015\projects\bellring\bellring\x64\release\bellring.tlog\rc.command.1.tlog
c:\users\fanzx\documents\visual studio 2015\projects\bellring\bellring\x64\release\bellring.tlog\rc.read.1.tlog
c:\users\fanzx\documents\visual studio 2015\projects\bellring\bellring\x64\release\bellring.tlog\rc.write.1.tlog
